[0516/152526.572:ERROR:process_memory_win.cc(73)] ReadMemory at 0x7ff7d0900000 of 64 bytes failed: Solo se completó una parte de una solicitud ReadProcessMemory o WriteProcessMemory. (0x12B)
[0516/152526.846:WARNING:pe_image_reader.cc(340)] could not read dos header from C:\Program Files (x86)\Google\Chrome\Application\chrome.exe
[0516/152526.846:ERROR:process_memory_win.cc(73)] ReadMemory at 0x7ffc82f10000 of 64 bytes failed: Solo se completó una parte de una solicitud ReadProcessMemory o WriteProcessMemory. (0x12B)
[0516/152526.846:WARNING:pe_image_reader.cc(340)] could not read dos header from C:\Windows\SYSTEM32\ntdll.dll
[0516/152526.846:ERROR:process_memory_win.cc(73)] ReadMemory at 0x7ffc82880000 of 64 bytes failed: Solo se completó una parte de una solicitud ReadProcessMemory o WriteProcessMemory. (0x12B)
[0516/152526.846:WARNING:pe_image_reader.cc(340)] could not read dos header from C:\Windows\system32\KERNEL32.DLL
[0516/152526.846:ERROR:process_memory_win.cc(73)] ReadMemory at 0x7ffc80220000 of 64 bytes failed: Solo se completó una parte de una solicitud ReadProcessMemory o WriteProcessMemory. (0x12B)
[0516/152526.846:WARNING:pe_image_reader.cc(340)] could not read dos header from C:\Windows\system32\KERNELBASE.dll
[0516/152526.846:ERROR:process_memory_win.cc(73)] ReadMemory at 0x7ffc4d3d0000 of 64 bytes failed: Solo se completó una parte de una solicitud ReadProcessMemory o WriteProcessMemory. (0x12B)
[0516/152526.846:WARNING:pe_image_reader.cc(340)] could not read dos header from C:\Program Files (x86)\Google\Chrome\Application\74.0.3729.157\chrome_elf.dll
[0516/152526.846:ERROR:process_memory_win.cc(73)] ReadMemory at 0x7ffc811b0000 of 64 bytes failed: Solo se completó una parte de una solicitud ReadProcessMemory o WriteProcessMemory. (0x12B)
[0516/152526.846:WARNING:pe_image_reader.cc(340)] could not read dos header from C:\Windows\system32\SHELL32.dll
[0516/152526.846:ERROR:process_memory_win.cc(73)] ReadMemory at 0x7ffc80a70000 of 64 bytes failed: Solo se completó una parte de una solicitud ReadProcessMemory o WriteProcessMemory. (0x12B)
[0516/152526.846:WARNING:pe_image_reader.cc(340)] could not read dos header from C:\Windows\system32\ADVAPI32.dll
[0516/152526.846:ERROR:process_memory_win.cc(73)] ReadMemory at 0x7ffc806e0000 of 64 bytes failed: Solo se completó una parte de una solicitud ReadProcessMemory o WriteProcessMemory. (0x12B)
[0516/152526.846:WARNING:pe_image_reader.cc(340)] could not read dos header from C:\Windows\system32\USER32.dll
[0516/152526.846:ERROR:process_memory_win.cc(73)] ReadMemory at 0x7ffc7b7b0000 of 64 bytes failed: Solo se completó una parte de una solicitud ReadProcessMemory o WriteProcessMemory. (0x12B)
[0516/152526.846:WARNING:pe_image_reader.cc(340)] could not read dos header from C:\Windows\SYSTEM32\VERSION.dll
[0516/152526.846:ERROR:process_memory_win.cc(73)] ReadMemory at 0x1da69c0000 of 64 bytes failed: Solo se completó una parte de una solicitud ReadProcessMemory o WriteProcessMemory. (0x12B)
[0516/152526.846:WARNING:pe_image_reader.cc(340)] could not read dos header from C:\Windows\system32\SHLWAPI.dll
[0516/152526.847:ERROR:process_memory_win.cc(73)] ReadMemory at 0x7ffc7b780000 of 64 bytes failed: Solo se completó una parte de una solicitud ReadProcessMemory o WriteProcessMemory. (0x12B)
[0516/152526.847:WARNING:pe_image_reader.cc(340)] could not read dos header from C:\Windows\SYSTEM32\WINMM.dll
[0516/152526.847:ERROR:process_memory_win.cc(73)] ReadMemory at 0x7ffc7f5c0000 of 64 bytes failed: Solo se completó una parte de una solicitud ReadProcessMemory o WriteProcessMemory. (0x12B)
[0516/152526.847:WARNING:pe_image_reader.cc(340)] could not read dos header from C:\Windows\SYSTEM32\USERENV.dll
[0516/152526.847:ERROR:process_memory_win.cc(73)] ReadMemory at 0x7ffc82e50000 of 64 bytes failed: Solo se completó una parte de una solicitud ReadProcessMemory o WriteProcessMemory. (0x12B)
[0516/152526.847:WARNING:pe_image_reader.cc(340)] could not read dos header from C:\Windows\system32\msvcrt.dll
[0516/152526.847:ERROR:process_memory_win.cc(73)] ReadMemory at 0x1da6a30000 of 64 bytes failed: Solo se completó una parte de una solicitud ReadProcessMemory o WriteProcessMemory. (0x12B)
[0516/152526.847:WARNING:pe_image_reader.cc(340)] could not read dos header from C:\Windows\SYSTEM32\combase.dll
[0516/152526.847:ERROR:process_memory_win.cc(73)] ReadMemory at 0x7ffc80be0000 of 64 bytes failed: Solo se completó una parte de una solicitud ReadProcessMemory o WriteProcessMemory. (0x12B)
[0516/152526.847:WARNING:pe_image_reader.cc(340)] could not read dos header from C:\Windows\system32\GDI32.dll
[0516/152526.847:ERROR:process_memory_win.cc(73)] ReadMemory at 0x7ffc81140000 of 64 bytes failed: Solo se completó una parte de una solicitud ReadProcessMemory o WriteProcessMemory. (0x12B)
[0516/152526.847:WARNING:pe_image_reader.cc(340)] could not read dos header from C:\Windows\SYSTEM32\sechost.dll
[0516/152526.847:ERROR:process_memory_win.cc(73)] ReadMemory at 0x7ffc82be0000 of 64 bytes failed: Solo se completó una parte de una solicitud ReadProcessMemory o WriteProcessMemory. (0x12B)
[0516/152526.847:WARNING:pe_image_reader.cc(340)] could not read dos header from C:\Windows\system32\RPCRT4.dll
[0516/152526.847:ERROR:process_memory_win.cc(73)] ReadMemory at 0x7ffc7b830000 of 64 bytes failed: Solo se completó una parte de una solicitud ReadProcessMemory o WriteProcessMemory. (0x12B)
[0516/152526.847:WARNING:pe_image_reader.cc(340)] could not read dos header from C:\Windows\SYSTEM32\WINMMBASE.dll
[0516/152526.847:ERROR:process_memory_win.cc(73)] ReadMemory at 0x7ffc80040000 of 64 bytes failed: Solo se completó una parte de una solicitud ReadProcessMemory o WriteProcessMemory. (0x12B)
[0516/152526.847:WARNING:pe_image_reader.cc(340)] could not read dos header from C:\Windows\SYSTEM32\profapi.dll
[0516/152526.847:ERROR:process_memory_win.cc(73)] ReadMemory at 0x7ffc80340000 of 64 bytes failed: Solo se completó una parte de una solicitud ReadProcessMemory o WriteProcessMemory. (0x12B)
[0516/152526.847:WARNING:pe_image_reader.cc(340)] could not read dos header from C:\Windows\system32\SspiCli.dll
[0516/152526.847:ERROR:process_memory_win.cc(73)] ReadMemory at 0x7ffc80550000 of 64 bytes failed: Solo se completó una parte de una solicitud ReadProcessMemory o WriteProcessMemory. (0x12B)
[0516/152526.847:WARNING:pe_image_reader.cc(340)] could not read dos header from C:\Windows\SYSTEM32\cfgmgr32.dll
[0516/152526.847:ERROR:process_memory_win.cc(73)] ReadMemory at 0x7ffc7ee50000 of 64 bytes failed: Solo se completó una parte de una solicitud ReadProcessMemory o WriteProcessMemory. (0x12B)
[0516/152526.847:WARNING:pe_image_reader.cc(340)] could not read dos header from C:\Windows\SYSTEM32\DEVOBJ.dll
[0516/152526.847:ERROR:process_memory_win.cc(73)] ReadMemory at 0x7ffc7ff10000 of 64 bytes failed: Solo se completó una parte de una solicitud ReadProcessMemory o WriteProcessMemory. (0x12B)
[0516/152526.847:WARNING:pe_image_reader.cc(340)] could not read dos header from C:\Windows\SYSTEM32\CRYPTBASE.DLL
[0516/152526.847:ERROR:process_memory_win.cc(73)] ReadMemory at 0x7ffc7fea0000 of 64 bytes failed: Solo se completó una parte de una solicitud ReadProcessMemory o WriteProcessMemory. (0x12B)
[0516/152526.847:WARNING:pe_image_reader.cc(340)] could not read dos header from C:\Windows\SYSTEM32\bcryptPrimitives.dll
[0516/152526.847:ERROR:process_memory_win.cc(73)] ReadMemory at 0x7ffc80d50000 of 64 bytes failed: Solo se completó una parte de una solicitud ReadProcessMemory o WriteProcessMemory. (0x12B)
[0516/152526.848:WARNING:pe_image_reader.cc(340)] could not read dos header from C:\Windows\system32\IMM32.DLL
[0516/152526.848:ERROR:process_memory_win.cc(73)] ReadMemory at 0x7ffc80d90000 of 64 bytes failed: Solo se completó una parte de una solicitud ReadProcessMemory o WriteProcessMemory. (0x12B)
[0516/152526.848:WARNING:pe_image_reader.cc(340)] could not read dos header from C:\Windows\system32\MSCTF.dll
[0516/152526.848:ERROR:process_memory_win.cc(73)] ReadMemory at 0x7ffc7d140000 of 64 bytes failed: Solo se completó una parte de una solicitud ReadProcessMemory o WriteProcessMemory. (0x12B)
[0516/152526.848:WARNING:pe_image_reader.cc(340)] could not read dos header from C:\Windows\SYSTEM32\shcore.dll
[0516/152526.848:ERROR:process_memory_win.cc(73)] ReadMemory at 0x7ffc3c7a0000 of 64 bytes failed: Solo se completó una parte de una solicitud ReadProcessMemory o WriteProcessMemory. (0x12B)
[0516/152526.848:WARNING:pe_image_reader.cc(340)] could not read dos header from C:\Program Files (x86)\Google\Chrome\Application\74.0.3729.157\chrome_child.dll
[0516/152526.848:ERROR:process_memory_win.cc(73)] ReadMemory at 0x7ffc80ef0000 of 64 bytes failed: Solo se completó una parte de una solicitud ReadProcessMemory o WriteProcessMemory. (0x12B)
[0516/152526.848:WARNING:pe_image_reader.cc(340)] could not read dos header from C:\Windows\system32\WS2_32.dll
[0516/152526.848:ERROR:process_memory_win.cc(73)] ReadMemory at 0x7ffc7b240000 of 64 bytes failed: Solo se completó una parte de una solicitud ReadProcessMemory o WriteProcessMemory. (0x12B)
[0516/152526.848:WARNING:pe_image_reader.cc(340)] could not read dos header from C:\Windows\SYSTEM32\IPHLPAPI.DLL
[0516/152526.848:ERROR:process_memory_win.cc(73)] ReadMemory at 0x7ffc826e0000 of 64 bytes failed: Solo se completó una parte de una solicitud ReadProcessMemory o WriteProcessMemory. (0x12B)
[0516/152526.848:WARNING:pe_image_reader.cc(340)] could not read dos header from C:\Windows\system32\ole32.dll
[0516/152526.848:ERROR:process_memory_win.cc(73)] ReadMemory at 0x7ffc80600000 of 64 bytes failed: Solo se completó una parte de una solicitud ReadProcessMemory o WriteProcessMemory. (0x12B)
[0516/152526.848:WARNING:pe_image_reader.cc(340)] could not read dos header from C:\Windows\system32\OLEAUT32.dll
[0516/152526.848:ERROR:process_memory_win.cc(73)] ReadMemory at 0x7ffc7ae80000 of 64 bytes failed: Solo se completó una parte de una solicitud ReadProcessMemory o WriteProcessMemory. (0x12B)
[0516/152526.848:WARNING:pe_image_reader.cc(340)] could not read dos header from C:\Windows\SYSTEM32\OLEACC.dll
[0516/152526.848:ERROR:process_memory_win.cc(73)] ReadMemory at 0x7ffc76dc0000 of 64 bytes failed: Solo se completó una parte de una solicitud ReadProcessMemory o WriteProcessMemory. (0x12B)
[0516/152526.848:WARNING:pe_image_reader.cc(340)] could not read dos header from C:\Windows\SYSTEM32\UIAutomationCore.DLL
[0516/152526.848:ERROR:process_memory_win.cc(73)] ReadMemory at 0x7ffc7ec70000 of 64 bytes failed: Solo se completó una parte de una solicitud ReadProcessMemory o WriteProcessMemory. (0x12B)
[0516/152526.848:WARNING:pe_image_reader.cc(340)] could not read dos header from C:\Windows\SYSTEM32\WTSAPI32.dll
[0516/152526.848:ERROR:process_memory_win.cc(73)] ReadMemory at 0x7ffc80110000 of 64 bytes failed: Solo se completó una parte de una solicitud ReadProcessMemory o WriteProcessMemory. (0x12B)
[0516/152526.848:WARNING:pe_image_reader.cc(340)] could not read dos header from C:\Windows\system32\WINTRUST.dll
[0516/152526.848:ERROR:process_memory_win.cc(73)] ReadMemory at 0x7ffc80370000 of 64 bytes failed: Solo se completó una parte de una solicitud ReadProcessMemory o WriteProcessMemory. (0x12B)
[0516/152526.848:WARNING:pe_image_reader.cc(340)] could not read dos header from C:\Windows\system32\CRYPT32.dll
[0516/152526.848:ERROR:process_memory_win.cc(73)] ReadMemory at 0x7ffc7aa70000 of 64 bytes failed: Solo se completó una parte de una solicitud ReadProcessMemory o WriteProcessMemory. (0x12B)
[0516/152526.848:WARNING:pe_image_reader.cc(340)] could not read dos header from C:\Windows\SYSTEM32\DWrite.dll
[0516/152526.848:ERROR:process_memory_win.cc(73)] ReadMemory at 0x7ffc7e480000 of 64 bytes failed: Solo se completó una parte de una solicitud ReadProcessMemory o WriteProcessMemory. (0x12B)
[0516/152526.849:WARNING:pe_image_reader.cc(340)] could not read dos header from C:\Windows\SYSTEM32\dxgi.dll
[0516/152526.849:ERROR:process_memory_win.cc(73)] ReadMemory at 0x7ffc7aef0000 of 64 bytes failed: Solo se completó una parte de una solicitud ReadProcessMemory o WriteProcessMemory. (0x12B)
[0516/152526.849:WARNING:pe_image_reader.cc(340)] could not read dos header from C:\Windows\SYSTEM32\WINSPOOL.DRV
[0516/152526.849:ERROR:process_memory_win.cc(73)] ReadMemory at 0x7ffc7ba50000 of 64 bytes failed: Solo se completó una parte de una solicitud ReadProcessMemory o WriteProcessMemory. (0x12B)
[0516/152526.849:WARNING:pe_image_reader.cc(340)] could not read dos header from C:\Windows\SYSTEM32\dbghelp.dll
[0516/152526.849:ERROR:process_memory_win.cc(73)] ReadMemory at 0x7ffc80b20000 of 64 bytes failed: Solo se completó una parte de una solicitud ReadProcessMemory o WriteProcessMemory. (0x12B)
[0516/152526.849:WARNING:pe_image_reader.cc(340)] could not read dos header from C:\Windows\system32\COMDLG32.dll
[0516/152526.849:ERROR:process_memory_win.cc(73)] ReadMemory at 0x7ffc5f0c0000 of 64 bytes failed: Solo se completó una parte de una solicitud ReadProcessMemory o WriteProcessMemory. (0x12B)
[0516/152526.849:WARNING:pe_image_reader.cc(340)] could not read dos header from C:\Windows\SYSTEM32\USP10.dll
[0516/152526.849:ERROR:process_memory_win.cc(73)] ReadMemory at 0x7ffc75100000 of 64 bytes failed: Solo se completó una parte de una solicitud ReadProcessMemory o WriteProcessMemory. (0x12B)
[0516/152526.849:WARNING:pe_image_reader.cc(340)] could not read dos header from C:\Windows\SYSTEM32\WINHTTP.dll
[0516/152526.849:ERROR:process_memory_win.cc(73)] ReadMemory at 0x7ffc787a0000 of 64 bytes failed: Solo se completó una parte de una solicitud ReadProcessMemory o WriteProcessMemory. (0x12B)
[0516/152526.850:WARNING:pe_image_reader.cc(340)] could not read dos header from C:\Windows\SYSTEM32\urlmon.dll
[0516/152526.850:ERROR:process_memory_win.cc(73)] ReadMemory at 0x7ffc7bcd0000 of 64 bytes failed: Solo se completó una parte de una solicitud ReadProcessMemory o WriteProcessMemory. (0x12B)
[0516/152526.850:WARNING:pe_image_reader.cc(340)] could not read dos header from C:\Windows\SYSTEM32\Secur32.dll
[0516/152526.850:ERROR:process_memory_win.cc(73)] ReadMemory at 0x7ffc7a300000 of 64 bytes failed: Solo se completó una parte de una solicitud ReadProcessMemory o WriteProcessMemory. (0x12B)
[0516/152526.850:WARNING:pe_image_reader.cc(340)] could not read dos header from C:\Windows\SYSTEM32\dhcpcsvc.DLL
[0516/152526.850:ERROR:process_memory_win.cc(73)] ReadMemory at 0x7ffc82f00000 of 64 bytes failed: Solo se completó una parte de una solicitud ReadProcessMemory o WriteProcessMemory. (0x12B)
[0516/152526.850:WARNING:pe_image_reader.cc(340)] could not read dos header from C:\Windows\system32\NSI.dll
[0516/152526.850:ERROR:process_memory_win.cc(73)] ReadMemory at 0x7ffc7b220000 of 64 bytes failed: Solo se completó una parte de una solicitud ReadProcessMemory o WriteProcessMemory. (0x12B)
[0516/152526.850:WARNING:pe_image_reader.cc(340)] could not read dos header from C:\Windows\SYSTEM32\WINNSI.DLL
[0516/152526.850:ERROR:process_memory_win.cc(73)] ReadMemory at 0x7ffc800f0000 of 64 bytes failed: Solo se completó una parte de una solicitud ReadProcessMemory o WriteProcessMemory. (0x12B)
[0516/152526.850:WARNING:pe_image_reader.cc(340)] could not read dos header from C:\Windows\system32\MSASN1.dll
[0516/152526.850:ERROR:process_memory_win.cc(73)] ReadMemory at 0x7ffc7c2c0000 of 64 bytes failed: Solo se completó una parte de una solicitud ReadProcessMemory o WriteProcessMemory. (0x12B)
[0516/152526.850:WARNING:pe_image_reader.cc(340)] could not read dos header from C:\Windows\WinSxS\amd64_microsoft.windows.common-controls_6595b64144ccf1df_6.0.9600.19358_none_6244092fecba36f7\COMCTL32.dll
[0516/152526.850:ERROR:process_memory_win.cc(73)] ReadMemory at 0x7ffc78a40000 of 64 bytes failed: Solo se completó una parte de una solicitud ReadProcessMemory o WriteProcessMemory. (0x12B)
[0516/152526.850:WARNING:pe_image_reader.cc(340)] could not read dos header from C:\Windows\SYSTEM32\iertutil.dll
[0516/152526.851:ERROR:process_memory_win.cc(73)] ReadMemory at 0x7ffc76f00000 of 64 bytes failed: Solo se completó una parte de una solicitud ReadProcessMemory o WriteProcessMemory. (0x12B)
[0516/152526.851:WARNING:pe_image_reader.cc(340)] could not read dos header from C:\Windows\SYSTEM32\WININET.dll
[0516/152526.859:ERROR:process_memory_win.cc(73)] ReadMemory at 0x1da67af000 of 69632 bytes failed: Solo se completó una parte de una solicitud ReadProcessMemory o WriteProcessMemory. (0x12B)
[0516/152526.859:ERROR:process_memory_win.cc(73)] ReadMemory at 0x1da8efd000 of 12288 bytes failed: Solo se completó una parte de una solicitud ReadProcessMemory o WriteProcessMemory. (0x12B)
[0516/152526.859:ERROR:process_memory_win.cc(73)] ReadMemory at 0x1da92fc000 of 16384 bytes failed: Solo se completó una parte de una solicitud ReadProcessMemory o WriteProcessMemory. (0x12B)
[0516/152526.859:ERROR:process_memory_win.cc(73)] ReadMemory at 0x1da94fb000 of 20480 bytes failed: Solo se completó una parte de una solicitud ReadProcessMemory o WriteProcessMemory. (0x12B)
[0516/152526.859:ERROR:process_memory_win.cc(73)] ReadMemory at 0x1da96fe000 of 8192 bytes failed: Solo se completó una parte de una solicitud ReadProcessMemory o WriteProcessMemory. (0x12B)
[0516/152526.859:ERROR:process_memory_win.cc(73)] ReadMemory at 0x1da98fd000 of 12288 bytes failed: Solo se completó una parte de una solicitud ReadProcessMemory o WriteProcessMemory. (0x12B)
[0516/152526.859:ERROR:process_memory_win.cc(73)] ReadMemory at 0x1da9cfb000 of 20480 bytes failed: Solo se completó una parte de una solicitud ReadProcessMemory o WriteProcessMemory. (0x12B)
[0516/152526.859:ERROR:process_memory_win.cc(73)] ReadMemory at 0x1daa0f6000 of 40960 bytes failed: Solo se completó una parte de una solicitud ReadProcessMemory o WriteProcessMemory. (0x12B)
[0516/152526.859:ERROR:process_memory_win.cc(73)] ReadMemory at 0x1daa2f6000 of 40960 bytes failed: Solo se completó una parte de una solicitud ReadProcessMemory o WriteProcessMemory. (0x12B)
[0516/152526.859:ERROR:process_memory_win.cc(73)] ReadMemory at 0x1daa4fd000 of 12288 bytes failed: Solo se completó una parte de una solicitud ReadProcessMemory o WriteProcessMemory. (0x12B)
[0516/152526.859:ERROR:process_memory_win.cc(73)] ReadMemory at 0x1da90fd000 of 12288 bytes failed: Solo se completó una parte de una solicitud ReadProcessMemory o WriteProcessMemory. (0x12B)
[0516/152526.859:ERROR:process_memory_win.cc(73)] ReadMemory at 0x1daae6d000 of 12288 bytes failed: Solo se completó una parte de una solicitud ReadProcessMemory o WriteProcessMemory. (0x12B)
[0516/152526.859:ERROR:process_memory_win.cc(73)] ReadMemory at 0x1dac98d000 of 12288 bytes failed: Solo se completó una parte de una solicitud ReadProcessMemory o WriteProcessMemory. (0x12B)
[0516/152526.859:ERROR:process_memory_win.cc(73)] ReadMemory at 0x1dacb8f000 of 4096 bytes failed: Solo se completó una parte de una solicitud ReadProcessMemory o WriteProcessMemory. (0x12B)
[0516/152526.859:ERROR:process_memory_win.cc(73)] ReadMemory at 0x1da68c0780 of 62 bytes failed: Solo se completó una parte de una solicitud ReadProcessMemory o WriteProcessMemory. (0x12B)
[0516/152526.859:ERROR:process_memory_win.cc(73)] ReadMemory at 0x1da68c0860 of 4768 bytes failed: Solo se completó una parte de una solicitud ReadProcessMemory o WriteProcessMemory. (0x12B)
[0516/152526.859:ERROR:process_memory_win.cc(73)] ReadMemory at 0x1da68c1b10 of 1012 bytes failed: Solo se completó una parte de una solicitud ReadProcessMemory o WriteProcessMemory. (0x12B)
[0516/152526.860:ERROR:process_memory_win.cc(73)] ReadMemory at 0x1da68c2128 of 118 bytes failed: Solo se completó una parte de una solicitud ReadProcessMemory o WriteProcessMemory. (0x12B)
[0516/152526.860:ERROR:process_memory_win.cc(73)] ReadMemory at 0x1da68c21a0 of 960 bytes failed: Solo se completó una parte de una solicitud ReadProcessMemory o WriteProcessMemory. (0x12B)
[0516/152526.860:ERROR:process_memory_win.cc(73)] ReadMemory at 0x1da68c2562 of 118 bytes failed: Solo se completó una parte de una solicitud ReadProcessMemory o WriteProcessMemory. (0x12B)
[0516/152526.860:ERROR:process_memory_win.cc(73)] ReadMemory at 0x1da68c25da of 96 bytes failed: Solo se completó una parte de una solicitud ReadProcessMemory o WriteProcessMemory. (0x12B)
[0516/152526.860:ERROR:process_memory_win.cc(73)] ReadMemory at 0x1da68c2650 of 58 bytes failed: Solo se completó una parte de una solicitud ReadProcessMemory o WriteProcessMemory. (0x12B)
[0516/152526.860:ERROR:process_memory_win.cc(73)] ReadMemory at 0x1da68c2750 of 132 bytes failed: Solo se completó una parte de una solicitud ReadProcessMemory o WriteProcessMemory. (0x12B)
[0516/152526.860:ERROR:process_memory_win.cc(73)] ReadMemory at 0x1da68c28d0 of 132 bytes failed: Solo se completó una parte de una solicitud ReadProcessMemory o WriteProcessMemory. (0x12B)
[0516/152526.860:ERROR:process_memory_win.cc(73)] ReadMemory at 0x1da68c2ae0 of 126 bytes failed: Solo se completó una parte de una solicitud ReadProcessMemory o WriteProcessMemory. (0x12B)
[0516/152526.860:ERROR:process_memory_win.cc(73)] ReadMemory at 0x1da68c2dd0 of 64 bytes failed: Solo se completó una parte de una solicitud ReadProcessMemory o WriteProcessMemory. (0x12B)
[0516/152526.860:ERROR:process_memory_win.cc(73)] ReadMemory at 0x1da68c2e20 of 132 bytes failed: Solo se completó una parte de una solicitud ReadProcessMemory o WriteProcessMemory. (0x12B)
[0516/152526.860:ERROR:process_memory_win.cc(73)] ReadMemory at 0x1da68c3190 of 68 bytes failed: Solo se completó una parte de una solicitud ReadProcessMemory o WriteProcessMemory. (0x12B)
[0516/152526.860:ERROR:process_memory_win.cc(73)] ReadMemory at 0x1da68c31e0 of 132 bytes failed: Solo se completó una parte de una solicitud ReadProcessMemory o WriteProcessMemory. (0x12B)
[0516/152526.860:ERROR:process_memory_win.cc(73)] ReadMemory at 0x1da68c3fa0 of 154 bytes failed: Solo se completó una parte de una solicitud ReadProcessMemory o WriteProcessMemory. (0x12B)
[0516/152526.860:ERROR:process_memory_win.cc(73)] ReadMemory at 0x1da68c4050 of 132 bytes failed: Solo se completó una parte de una solicitud ReadProcessMemory o WriteProcessMemory. (0x12B)
[0516/152526.860:ERROR:process_memory_win.cc(73)] ReadMemory at 0x1da68c4170 of 62 bytes failed: Solo se completó una parte de una solicitud ReadProcessMemory o WriteProcessMemory. (0x12B)
[0516/152526.860:ERROR:process_memory_win.cc(73)] ReadMemory at 0x1da68c41c0 of 132 bytes failed: Solo se completó una parte de una solicitud ReadProcessMemory o WriteProcessMemory. (0x12B)
[0516/152526.860:ERROR:process_memory_win.cc(73)] ReadMemory at 0x1da68c43d0 of 64 bytes failed: Solo se completó una parte de una solicitud ReadProcessMemory o WriteProcessMemory. (0x12B)
[0516/152526.860:ERROR:process_memory_win.cc(73)] ReadMemory at 0x1da68c4420 of 132 bytes failed: Solo se completó una parte de una solicitud ReadProcessMemory o WriteProcessMemory. (0x12B)
[0516/152526.860:ERROR:process_memory_win.cc(73)] ReadMemory at 0x1da68c4630 of 60 bytes failed: Solo se completó una parte de una solicitud ReadProcessMemory o WriteProcessMemory. (0x12B)
[0516/152526.860:ERROR:process_memory_win.cc(73)] ReadMemory at 0x1da68c4680 of 132 bytes failed: Solo se completó una parte de una solicitud ReadProcessMemory o WriteProcessMemory. (0x12B)
[0516/152526.860:ERROR:process_memory_win.cc(73)] ReadMemory at 0x1da68c4940 of 62 bytes failed: Solo se completó una parte de una solicitud ReadProcessMemory o WriteProcessMemory. (0x12B)
[0516/152526.860:ERROR:process_memory_win.cc(73)] ReadMemory at 0x1da68c4990 of 132 bytes failed: Solo se completó una parte de una solicitud ReadProcessMemory o WriteProcessMemory. (0x12B)
[0516/152526.860:ERROR:process_memory_win.cc(73)] ReadMemory at 0x1da68c7c40 of 132 bytes failed: Solo se completó una parte de una solicitud ReadProcessMemory o WriteProcessMemory. (0x12B)
[0516/152526.860:ERROR:process_memory_win.cc(73)] ReadMemory at 0x1da68c8570 of 58 bytes failed: Solo se completó una parte de una solicitud ReadProcessMemory o WriteProcessMemory. (0x12B)
[0516/152526.860:ERROR:process_memory_win.cc(73)] ReadMemory at 0x1da68c85c0 of 132 bytes failed: Solo se completó una parte de una solicitud ReadProcessMemory o WriteProcessMemory. (0x12B)
[0516/152526.860:ERROR:process_memory_win.cc(73)] ReadMemory at 0x1da68c86e0 of 62 bytes failed: Solo se completó una parte de una solicitud ReadProcessMemory o WriteProcessMemory. (0x12B)
[0516/152526.860:ERROR:process_memory_win.cc(73)] ReadMemory at 0x1da68c8730 of 132 bytes failed: Solo se completó una parte de una solicitud ReadProcessMemory o WriteProcessMemory. (0x12B)
[0516/152526.860:ERROR:process_memory_win.cc(73)] ReadMemory at 0x1da68c8ca0 of 60 bytes failed: Solo se completó una parte de una solicitud ReadProcessMemory o WriteProcessMemory. (0x12B)
[0516/152526.860:ERROR:process_memory_win.cc(73)] ReadMemory at 0x1da68c92c0 of 132 bytes failed: Solo se completó una parte de una solicitud ReadProcessMemory o WriteProcessMemory. (0x12B)
[0516/152526.860:ERROR:process_memory_win.cc(73)] ReadMemory at 0x1da68c9430 of 58 bytes failed: Solo se completó una parte de una solicitud ReadProcessMemory o WriteProcessMemory. (0x12B)
[0516/152526.860:ERROR:process_memory_win.cc(73)] ReadMemory at 0x1da68c9480 of 58 bytes failed: Solo se completó una parte de una solicitud ReadProcessMemory o WriteProcessMemory. (0x12B)
[0516/152526.861:ERROR:process_memory_win.cc(73)] ReadMemory at 0x1da68c95c0 of 62 bytes failed: Solo se completó una parte de una solicitud ReadProcessMemory o WriteProcessMemory. (0x12B)
[0516/152526.861:ERROR:process_memory_win.cc(73)] ReadMemory at 0x1da68c9750 of 66 bytes failed: Solo se completó una parte de una solicitud ReadProcessMemory o WriteProcessMemory. (0x12B)
[0516/152526.861:ERROR:process_memory_win.cc(73)] ReadMemory at 0x1da68c97f0 of 62 bytes failed: Solo se completó una parte de una solicitud ReadProcessMemory o WriteProcessMemory. (0x12B)
[0516/152526.861:ERROR:process_memory_win.cc(73)] ReadMemory at 0x1da68c9840 of 62 bytes failed: Solo se completó una parte de una solicitud ReadProcessMemory o WriteProcessMemory. (0x12B)
[0516/152526.861:ERROR:process_memory_win.cc(73)] ReadMemory at 0x1da68c9890 of 62 bytes failed: Solo se completó una parte de una solicitud ReadProcessMemory o WriteProcessMemory. (0x12B)
[0516/152526.861:ERROR:process_memory_win.cc(73)] ReadMemory at 0x1da68c9930 of 64 bytes failed: Solo se completó una parte de una solicitud ReadProcessMemory o WriteProcessMemory. (0x12B)
[0516/152526.861:ERROR:process_memory_win.cc(73)] ReadMemory at 0x1da68c9980 of 60 bytes failed: Solo se completó una parte de una solicitud ReadProcessMemory o WriteProcessMemory. (0x12B)
[0516/152526.861:ERROR:process_memory_win.cc(73)] ReadMemory at 0x1da68c9a20 of 60 bytes failed: Solo se completó una parte de una solicitud ReadProcessMemory o WriteProcessMemory. (0x12B)
[0516/152526.861:ERROR:process_memory_win.cc(73)] ReadMemory at 0x1da68c9ac0 of 58 bytes failed: Solo se completó una parte de una solicitud ReadProcessMemory o WriteProcessMemory. (0x12B)
[0516/152526.861:ERROR:process_memory_win.cc(73)] ReadMemory at 0x1da68c9b10 of 66 bytes failed: Solo se completó una parte de una solicitud ReadProcessMemory o WriteProcessMemory. (0x12B)
[0516/152526.861:ERROR:process_memory_win.cc(73)] ReadMemory at 0x1da68c9bf0 of 132 bytes failed: Solo se completó una parte de una solicitud ReadProcessMemory o WriteProcessMemory. (0x12B)
[0516/152526.861:ERROR:process_memory_win.cc(73)] ReadMemory at 0x1da68c9d70 of 132 bytes failed: Solo se completó una parte de una solicitud ReadProcessMemory o WriteProcessMemory. (0x12B)
[0516/152526.861:ERROR:process_memory_win.cc(73)] ReadMemory at 0x1da68ca2a0 of 158 bytes failed: Solo se completó una parte de una solicitud ReadProcessMemory o WriteProcessMemory. (0x12B)
[0516/152526.861:ERROR:process_memory_win.cc(73)] ReadMemory at 0x1da68ca360 of 132 bytes failed: Solo se completó una parte de una solicitud ReadProcessMemory o WriteProcessMemory. (0x12B)
[0516/152526.861:ERROR:process_memory_win.cc(73)] ReadMemory at 0x1da68ca480 of 132 bytes failed: Solo se completó una parte de una solicitud ReadProcessMemory o WriteProcessMemory. (0x12B)
[0516/152526.861:ERROR:process_memory_win.cc(73)] ReadMemory at 0x1da68ca960 of 132 bytes failed: Solo se completó una parte de una solicitud ReadProcessMemory o WriteProcessMemory. (0x12B)
[0516/152526.861:ERROR:process_memory_win.cc(73)] ReadMemory at 0x1da68caa80 of 132 bytes failed: Solo se completó una parte de una solicitud ReadProcessMemory o WriteProcessMemory. (0x12B)
[0516/152526.861:ERROR:process_memory_win.cc(73)] ReadMemory at 0x1da68caba0 of 132 bytes failed: Solo se completó una parte de una solicitud ReadProcessMemory o WriteProcessMemory. (0x12B)
[0516/152526.861:ERROR:process_memory_win.cc(73)] ReadMemory at 0x1da68cacc0 of 132 bytes failed: Solo se completó una parte de una solicitud ReadProcessMemory o WriteProcessMemory. (0x12B)
[0516/152526.861:ERROR:process_memory_win.cc(73)] ReadMemory at 0x1da68cade0 of 132 bytes failed: Solo se completó una parte de una solicitud ReadProcessMemory o WriteProcessMemory. (0x12B)
[0516/152526.861:ERROR:process_memory_win.cc(73)] ReadMemory at 0x1da68caf00 of 132 bytes failed: Solo se completó una parte de una solicitud ReadProcessMemory o WriteProcessMemory. (0x12B)
[0516/152526.861:ERROR:process_memory_win.cc(73)] ReadMemory at 0x1da68cb020 of 132 bytes failed: Solo se completó una parte de una solicitud ReadProcessMemory o WriteProcessMemory. (0x12B)
[0516/152526.861:ERROR:process_memory_win.cc(73)] ReadMemory at 0x1da68cb140 of 132 bytes failed: Solo se completó una parte de una solicitud ReadProcessMemory o WriteProcessMemory. (0x12B)
[0516/152526.861:ERROR:process_memory_win.cc(73)] ReadMemory at 0x1da68cb260 of 132 bytes failed: Solo se completó una parte de una solicitud ReadProcessMemory o WriteProcessMemory. (0x12B)
[0516/152526.861:ERROR:process_memory_win.cc(73)] ReadMemory at 0x1da68cb380 of 132 bytes failed: Solo se completó una parte de una solicitud ReadProcessMemory o WriteProcessMemory. (0x12B)
[0516/152526.861:ERROR:process_memory_win.cc(73)] ReadMemory at 0x1da68cb4a0 of 132 bytes failed: Solo se completó una parte de una solicitud ReadProcessMemory o WriteProcessMemory. (0x12B)
[0516/152526.861:ERROR:process_memory_win.cc(73)] ReadMemory at 0x1da68cb5c0 of 132 bytes failed: Solo se completó una parte de una solicitud ReadProcessMemory o WriteProcessMemory. (0x12B)
[0516/152526.861:ERROR:process_memory_win.cc(73)] ReadMemory at 0x1da68cb6e0 of 132 bytes failed: Solo se completó una parte de una solicitud ReadProcessMemory o WriteProcessMemory. (0x12B)
[0516/152526.861:ERROR:process_memory_win.cc(73)] ReadMemory at 0x1da68cbbd0 of 54 bytes failed: Solo se completó una parte de una solicitud ReadProcessMemory o WriteProcessMemory. (0x12B)
[0516/152526.861:ERROR:process_memory_win.cc(73)] ReadMemory at 0x1da68cca10 of 80 bytes failed: Solo se completó una parte de una solicitud ReadProcessMemory o WriteProcessMemory. (0x12B)
[0516/152526.861:ERROR:process_memory_win.cc(73)] ReadMemory at 0x1da68ccdd0 of 80 bytes failed: Solo se completó una parte de una solicitud ReadProcessMemory o WriteProcessMemory. (0x12B)
[0516/152526.861:ERROR:process_memory_win.cc(73)] ReadMemory at 0x1da68cf690 of 58 bytes failed: Solo se completó una parte de una solicitud ReadProcessMemory o WriteProcessMemory. (0x12B)
[0516/152526.861:ERROR:process_memory_win.cc(73)] ReadMemory at 0x1da68cf6e0 of 64 bytes failed: Solo se completó una parte de una solicitud ReadProcessMemory o WriteProcessMemory. (0x12B)
[0516/152526.862:ERROR:process_memory_win.cc(73)] ReadMemory at 0x1da68cf730 of 62 bytes failed: Solo se completó una parte de una solicitud ReadProcessMemory o WriteProcessMemory. (0x12B)
[0516/152526.862:ERROR:process_memory_win.cc(73)] ReadMemory at 0x1da68cf820 of 64 bytes failed: Solo se completó una parte de una solicitud ReadProcessMemory o WriteProcessMemory. (0x12B)
[0516/152526.862:ERROR:process_memory_win.cc(73)] ReadMemory at 0x1da68cfaf0 of 62 bytes failed: Solo se completó una parte de una solicitud ReadProcessMemory o WriteProcessMemory. (0x12B)
[0516/152526.862:ERROR:process_memory_win.cc(73)] ReadMemory at 0x1da68cfc30 of 64 bytes failed: Solo se completó una parte de una solicitud ReadProcessMemory o WriteProcessMemory. (0x12B)
[0516/152526.862:ERROR:process_memory_win.cc(73)] ReadMemory at 0x1da68cfd70 of 58 bytes failed: Solo se completó una parte de una solicitud ReadProcessMemory o WriteProcessMemory. (0x12B)
[0516/152526.862:ERROR:process_memory_win.cc(73)] ReadMemory at 0x1da68cfdc0 of 60 bytes failed: Solo se completó una parte de una solicitud ReadProcessMemory o WriteProcessMemory. (0x12B)
[0516/152526.862:ERROR:process_memory_win.cc(73)] ReadMemory at 0x1da68cfe10 of 62 bytes failed: Solo se completó una parte de una solicitud ReadProcessMemory o WriteProcessMemory. (0x12B)
[0516/152526.862:ERROR:process_memory_win.cc(73)] ReadMemory at 0x1da68cff50 of 62 bytes failed: Solo se completó una parte de una solicitud ReadProcessMemory o WriteProcessMemory. (0x12B)
[0516/152526.862:ERROR:process_memory_win.cc(73)] ReadMemory at 0x1da68cfff0 of 60 bytes failed: Solo se completó una parte de una solicitud ReadProcessMemory o WriteProcessMemory. (0x12B)
[0516/152526.862:ERROR:process_memory_win.cc(73)] ReadMemory at 0x1da68d0040 of 62 bytes failed: Solo se completó una parte de una solicitud ReadProcessMemory o WriteProcessMemory. (0x12B)
[0516/152527.136:ERROR:process_memory_win.cc(73)] ReadMemory at 0x1da68d0090 of 60 bytes failed: Solo se completó una parte de una solicitud ReadProcessMemory o WriteProcessMemory. (0x12B)
[0516/152527.136:ERROR:process_memory_win.cc(73)] ReadMemory at 0x1da68d00e0 of 60 bytes failed: Solo se completó una parte de una solicitud ReadProcessMemory o WriteProcessMemory. (0x12B)
[0516/152527.136:ERROR:process_memory_win.cc(73)] ReadMemory at 0x1da68d0130 of 60 bytes failed: Solo se completó una parte de una solicitud ReadProcessMemory o WriteProcessMemory. (0x12B)
[0516/152527.136:ERROR:process_memory_win.cc(73)] ReadMemory at 0x1da68d0180 of 64 bytes failed: Solo se completó una parte de una solicitud ReadProcessMemory o WriteProcessMemory. (0x12B)
[0516/152527.136:ERROR:process_memory_win.cc(73)] ReadMemory at 0x1da68d01d0 of 60 bytes failed: Solo se completó una parte de una solicitud ReadProcessMemory o WriteProcessMemory. (0x12B)
[0516/152527.136:ERROR:process_memory_win.cc(73)] ReadMemory at 0x1da68d0220 of 56 bytes failed: Solo se completó una parte de una solicitud ReadProcessMemory o WriteProcessMemory. (0x12B)
[0516/152527.136:ERROR:process_memory_win.cc(73)] ReadMemory at 0x1da68d0310 of 60 bytes failed: Solo se completó una parte de una solicitud ReadProcessMemory o WriteProcessMemory. (0x12B)
[0516/152527.136:ERROR:process_memory_win.cc(73)] ReadMemory at 0x1da68d03b0 of 64 bytes failed: Solo se completó una parte de una solicitud ReadProcessMemory o WriteProcessMemory. (0x12B)
[0516/152527.136:ERROR:process_memory_win.cc(73)] ReadMemory at 0x1da68d0400 of 64 bytes failed: Solo se completó una parte de una solicitud ReadProcessMemory o WriteProcessMemory. (0x12B)
[0516/152527.136:ERROR:process_memory_win.cc(73)] ReadMemory at 0x1da68d0590 of 64 bytes failed: Solo se completó una parte de una solicitud ReadProcessMemory o WriteProcessMemory. (0x12B)
[0516/152527.136:ERROR:process_memory_win.cc(73)] ReadMemory at 0x1da68d05e0 of 64 bytes failed: Solo se completó una parte de una solicitud ReadProcessMemory o WriteProcessMemory. (0x12B)
[0516/152527.136:ERROR:process_memory_win.cc(73)] ReadMemory at 0x1da68d1f30 of 248 bytes failed: Solo se completó una parte de una solicitud ReadProcessMemory o WriteProcessMemory. (0x12B)
[0516/152527.136:ERROR:process_memory_win.cc(73)] ReadMemory at 0x1da68d60d0 of 132 bytes failed: Solo se completó una parte de una solicitud ReadProcessMemory o WriteProcessMemory. (0x12B)
[0516/152527.136:ERROR:process_memory_win.cc(73)] ReadMemory at 0x1da68d61f0 of 132 bytes failed: Solo se completó una parte de una solicitud ReadProcessMemory o WriteProcessMemory. (0x12B)
[0516/152527.136:ERROR:process_memory_win.cc(73)] ReadMemory at 0x1da68d6310 of 132 bytes failed: Solo se completó una parte de una solicitud ReadProcessMemory o WriteProcessMemory. (0x12B)
[0516/152527.136:ERROR:process_memory_win.cc(73)] ReadMemory at 0x1da68d6670 of 132 bytes failed: Solo se completó una parte de una solicitud ReadProcessMemory o WriteProcessMemory. (0x12B)
[0516/152527.136:ERROR:process_memory_win.cc(73)] ReadMemory at 0x1da68d6790 of 132 bytes failed: Solo se completó una parte de una solicitud ReadProcessMemory o WriteProcessMemory. (0x12B)
[0516/152527.136:ERROR:process_memory_win.cc(73)] ReadMemory at 0x1da68d68b0 of 132 bytes failed: Solo se completó una parte de una solicitud ReadProcessMemory o WriteProcessMemory. (0x12B)
[0516/152527.136:ERROR:process_memory_win.cc(73)] ReadMemory at 0x1da68d6af0 of 132 bytes failed: Solo se completó una parte de una solicitud ReadProcessMemory o WriteProcessMemory. (0x12B)
[0516/152527.136:ERROR:process_memory_win.cc(73)] ReadMemory at 0x1da68d6c10 of 132 bytes failed: Solo se completó una parte de una solicitud ReadProcessMemory o WriteProcessMemory. (0x12B)
[0516/152527.136:ERROR:process_memory_win.cc(73)] ReadMemory at 0x1da68d6d30 of 132 bytes failed: Solo se completó una parte de una solicitud ReadProcessMemory o WriteProcessMemory. (0x12B)
[0516/152527.136:ERROR:process_memory_win.cc(73)] ReadMemory at 0x1da68d6f70 of 132 bytes failed: Solo se completó una parte de una solicitud ReadProcessMemory o WriteProcessMemory. (0x12B)
[0516/152527.136:ERROR:process_memory_win.cc(73)] ReadMemory at 0x1da68d7090 of 132 bytes failed: Solo se completó una parte de una solicitud ReadProcessMemory o WriteProcessMemory. (0x12B)
[0516/152527.136:ERROR:process_memory_win.cc(73)] ReadMemory at 0x1da68d71b0 of 132 bytes failed: Solo se completó una parte de una solicitud ReadProcessMemory o WriteProcessMemory. (0x12B)
[0516/152527.136:ERROR:process_memory_win.cc(73)] ReadMemory at 0x1da68d72d0 of 132 bytes failed: Solo se completó una parte de una solicitud ReadProcessMemory o WriteProcessMemory. (0x12B)
[0516/152527.136:ERROR:process_memory_win.cc(73)] ReadMemory at 0x1da68d73f0 of 132 bytes failed: Solo se completó una parte de una solicitud ReadProcessMemory o WriteProcessMemory. (0x12B)
[0516/152527.136:ERROR:process_memory_win.cc(73)] ReadMemory at 0x1da68d7510 of 132 bytes failed: Solo se completó una parte de una solicitud ReadProcessMemory o WriteProcessMemory. (0x12B)
[0516/152527.136:ERROR:process_memory_win.cc(73)] ReadMemory at 0x1da68d7630 of 132 bytes failed: Solo se completó una parte de una solicitud ReadProcessMemory o WriteProcessMemory. (0x12B)
[0516/152527.136:ERROR:process_memory_win.cc(73)] ReadMemory at 0x1da68d7750 of 132 bytes failed: Solo se completó una parte de una solicitud ReadProcessMemory o WriteProcessMemory. (0x12B)
[0516/152527.137:ERROR:process_memory_win.cc(73)] ReadMemory at 0x1da68d7870 of 132 bytes failed: Solo se completó una parte de una solicitud ReadProcessMemory o WriteProcessMemory. (0x12B)
[0516/152527.137:ERROR:process_memory_win.cc(73)] ReadMemory at 0x1da68d7990 of 132 bytes failed: Solo se completó una parte de una solicitud ReadProcessMemory o WriteProcessMemory. (0x12B)
[0516/152527.137:ERROR:process_memory_win.cc(73)] ReadMemory at 0x1da68d7ab0 of 132 bytes failed: Solo se completó una parte de una solicitud ReadProcessMemory o WriteProcessMemory. (0x12B)
[0516/152527.137:ERROR:process_memory_win.cc(73)] ReadMemory at 0x1da68d7bd0 of 132 bytes failed: Solo se completó una parte de una solicitud ReadProcessMemory o WriteProcessMemory. (0x12B)
[0516/152527.137:ERROR:process_memory_win.cc(73)] ReadMemory at 0x1da68d7cf0 of 132 bytes failed: Solo se completó una parte de una solicitud ReadProcessMemory o WriteProcessMemory. (0x12B)
[0516/152527.137:ERROR:process_memory_win.cc(73)] ReadMemory at 0x1da68d7e10 of 132 bytes failed: Solo se completó una parte de una solicitud ReadProcessMemory o WriteProcessMemory. (0x12B)
[0516/152527.137:ERROR:process_memory_win.cc(73)] ReadMemory at 0x1da68dd3c0 of 896 bytes failed: Solo se completó una parte de una solicitud ReadProcessMemory o WriteProcessMemory. (0x12B)
[0516/152527.137:ERROR:process_memory_win.cc(73)] ReadMemory at 0x1da68e47b0 of 512 bytes failed: Solo se completó una parte de una solicitud ReadProcessMemory o WriteProcessMemory. (0x12B)
[0516/152527.137:ERROR:process_memory_win.cc(73)] ReadMemory at 0x1da6ca3c80 of 512 bytes failed: Solo se completó una parte de una solicitud ReadProcessMemory o WriteProcessMemory. (0x12B)
[0516/152527.137:ERROR:process_memory_win.cc(73)] ReadMemory at 0x1da70ac0d0 of 512 bytes failed: Solo se completó una parte de una solicitud ReadProcessMemory o WriteProcessMemory. (0x12B)
[0516/152527.137:ERROR:process_memory_win.cc(73)] ReadMemory at 0x1da70ae700 of 696 bytes failed: Solo se completó una parte de una solicitud ReadProcessMemory o WriteProcessMemory. (0x12B)
[0516/152527.137:ERROR:process_memory_win.cc(73)] ReadMemory at 0x1da70b94b0 of 512 bytes failed: Solo se completó una parte de una solicitud ReadProcessMemory o WriteProcessMemory. (0x12B)
[0516/152527.137:ERROR:process_memory_win.cc(73)] ReadMemory at 0x1da70be580 of 512 bytes failed: Solo se completó una parte de una solicitud ReadProcessMemory o WriteProcessMemory. (0x12B)
[0516/152527.137:ERROR:process_memory_win.cc(73)] ReadMemory at 0x1da9905f50 of 512 bytes failed: Solo se completó una parte de una solicitud ReadProcessMemory o WriteProcessMemory. (0x12B)
[0516/152527.137:ERROR:process_memory_win.cc(73)] ReadMemory at 0x1da993ee40 of 560 bytes failed: Solo se completó una parte de una solicitud ReadProcessMemory o WriteProcessMemory. (0x12B)
[0516/152527.137:ERROR:process_memory_win.cc(73)] ReadMemory at 0x1daba18c60 of 520 bytes failed: Solo se completó una parte de una solicitud ReadProcessMemory o WriteProcessMemory. (0x12B)
[0516/152527.137:ERROR:process_memory_win.cc(73)] ReadMemory at 0x1daba4b850 of 512 bytes failed: Solo se completó una parte de una solicitud ReadProcessMemory o WriteProcessMemory. (0x12B)
[0516/152527.137:ERROR:process_memory_win.cc(73)] ReadMemory at 0x1dabcc8c00 of 512 bytes failed: Solo se completó una parte de una solicitud ReadProcessMemory o WriteProcessMemory. (0x12B)
[0516/152527.137:ERROR:process_memory_win.cc(73)] ReadMemory at 0x1dabdb6e30 of 512 bytes failed: Solo se completó una parte de una solicitud ReadProcessMemory o WriteProcessMemory. (0x12B)
[0516/152527.137:ERROR:process_memory_win.cc(73)] ReadMemory at 0x1dad792400 of 512 bytes failed: Solo se completó una parte de una solicitud ReadProcessMemory o WriteProcessMemory. (0x12B)
[0516/152527.137:ERROR:process_memory_win.cc(73)] ReadMemory at 0x69bdf380451 of 736 bytes failed: Solo se completó una parte de una solicitud ReadProcessMemory o WriteProcessMemory. (0x12B)
[0516/152527.137:ERROR:process_memory_win.cc(73)] ReadMemory at 0x125ac4563298 of 512 bytes failed: Solo se completó una parte de una solicitud ReadProcessMemory o WriteProcessMemory. (0x12B)
[0516/152527.137:ERROR:process_memory_win.cc(73)] ReadMemory at 0x35ba5dd800b9 of 512 bytes failed: Solo se completó una parte de una solicitud ReadProcessMemory o WriteProcessMemory. (0x12B)
[0516/152527.137:ERROR:process_memory_win.cc(73)] ReadMemory at 0x5c5bd58d75d9 of 512 bytes failed: Solo se completó una parte de una solicitud ReadProcessMemory o WriteProcessMemory. (0x12B)
[0516/152527.342:ERROR:process_memory_win.cc(73)] ReadMemory at 0x7ff7cfbe0000 of 6024 bytes failed: Solo se completó una parte de una solicitud ReadProcessMemory o WriteProcessMemory. (0x12B)
[0516/152527.342:ERROR:process_memory_win.cc(73)] ReadMemory at 0x7ff7cfbe2000 of 6024 bytes failed: Solo se completó una parte de una solicitud ReadProcessMemory o WriteProcessMemory. (0x12B)
[0516/152527.342:ERROR:process_memory_win.cc(73)] ReadMemory at 0x7ff7cfbe4000 of 6024 bytes failed: Solo se completó una parte de una solicitud ReadProcessMemory o WriteProcessMemory. (0x12B)
[0516/152527.342:ERROR:process_memory_win.cc(73)] ReadMemory at 0x7ff7cfbe6000 of 6024 bytes failed: Solo se completó una parte de una solicitud ReadProcessMemory o WriteProcessMemory. (0x12B)
[0516/152527.342:ERROR:process_memory_win.cc(73)] ReadMemory at 0x7ff7cfbe8000 of 6024 bytes failed: Solo se completó una parte de una solicitud ReadProcessMemory o WriteProcessMemory. (0x12B)
[0516/152527.342:ERROR:process_memory_win.cc(73)] ReadMemory at 0x7ff7cfbea000 of 6024 bytes failed: Solo se completó una parte de una solicitud ReadProcessMemory o WriteProcessMemory. (0x12B)
[0516/152527.342:ERROR:process_memory_win.cc(73)] ReadMemory at 0x7ff7cfbec000 of 6024 bytes failed: Solo se completó una parte de una solicitud ReadProcessMemory o WriteProcessMemory. (0x12B)
[0516/152527.342:ERROR:process_memory_win.cc(73)] ReadMemory at 0x7ff7cfbee000 of 6024 bytes failed: Solo se completó una parte de una solicitud ReadProcessMemory o WriteProcessMemory. (0x12B)
[0516/152527.342:ERROR:process_memory_win.cc(73)] ReadMemory at 0x7ff7cfd13000 of 6024 bytes failed: Solo se completó una parte de una solicitud ReadProcessMemory o WriteProcessMemory. (0x12B)
[0516/152527.342:ERROR:process_memory_win.cc(73)] ReadMemory at 0x7ff7cfd15000 of 6024 bytes failed: Solo se completó una parte de una solicitud ReadProcessMemory o WriteProcessMemory. (0x12B)
[0516/152527.342:ERROR:process_memory_win.cc(73)] ReadMemory at 0x7ff7cfd17000 of 6024 bytes failed: Solo se completó una parte de una solicitud ReadProcessMemory o WriteProcessMemory. (0x12B)
[0516/152527.342:ERROR:process_memory_win.cc(73)] ReadMemory at 0x7ff7cfd19000 of 6024 bytes failed: Solo se completó una parte de una solicitud ReadProcessMemory o WriteProcessMemory. (0x12B)
[0516/152527.342:ERROR:process_memory_win.cc(73)] ReadMemory at 0x7ff7cfd1b000 of 852 bytes failed: Solo se completó una parte de una solicitud ReadProcessMemory o WriteProcessMemory. (0x12B)
[0516/152527.342:ERROR:process_memory_win.cc(73)] ReadMemory at 0x7ff7cfd1c000 of 6024 bytes failed: Solo se completó una parte de una solicitud ReadProcessMemory o WriteProcessMemory. (0x12B)
[0516/152527.342:ERROR:process_memory_win.cc(73)] ReadMemory at 0x7ff7cfd1e000 of 6024 bytes failed: Solo se completó una parte de una solicitud ReadProcessMemory o WriteProcessMemory. (0x12B)
[0516/152527.342:ERROR:process_memory_win.cc(73)] ReadMemory at 0x7ffc3c854798 of 512 bytes failed: Solo se completó una parte de una solicitud ReadProcessMemory o WriteProcessMemory. (0x12B)
[0516/152527.342:ERROR:process_memory_win.cc(73)] ReadMemory at 0x7ffc3e83409c of 512 bytes failed: Solo se completó una parte de una solicitud ReadProcessMemory o WriteProcessMemory. (0x12B)
[0516/152527.342:ERROR:process_memory_win.cc(73)] ReadMemory at 0x7ffc413a2d53 of 512 bytes failed: Solo se completó una parte de una solicitud ReadProcessMemory o WriteProcessMemory. (0x12B)
[0516/152527.343:ERROR:process_memory_win.cc(73)] ReadMemory at 0x7ffc4d3de6ee of 512 bytes failed: Solo se completó una parte de una solicitud ReadProcessMemory o WriteProcessMemory. (0x12B)
[0516/152527.343:ERROR:process_memory_win.cc(73)] ReadMemory at 0x7ffc4d3df888 of 512 bytes failed: Solo se completó una parte de una solicitud ReadProcessMemory o WriteProcessMemory. (0x12B)
[0516/152527.343:ERROR:process_memory_win.cc(73)] ReadMemory at 0x7ffc82880fb0 of 512 bytes failed: Solo se completó una parte de una solicitud ReadProcessMemory o WriteProcessMemory. (0x12B)
[0516/152527.343:ERROR:process_memory_win.cc(73)] ReadMemory at 0x7ffc82f195e0 of 18 bytes failed: Solo se completó una parte de una solicitud ReadProcessMemory o WriteProcessMemory. (0x12B)
[0516/152527.343:ERROR:process_memory_win.cc(73)] ReadMemory at 0x7ffc82f2c4f0 of 512 bytes failed: Solo se completó una parte de una solicitud ReadProcessMemory o WriteProcessMemory. (0x12B)
[0516/152527.343:ERROR:process_memory_win.cc(73)] ReadMemory at 0x7ffc82f4acd0 of 512 bytes failed: Solo se completó una parte de una solicitud ReadProcessMemory o WriteProcessMemory. (0x12B)
[0516/152527.343:ERROR:process_memory_win.cc(73)] ReadMemory at 0x7ffc82fa071a of 592 bytes failed: Solo se completó una parte de una solicitud ReadProcessMemory o WriteProcessMemory. (0x12B)
[0516/152527.343:ERROR:process_memory_win.cc(73)] ReadMemory at 0x7ffc82fa219a of 560 bytes failed: Solo se completó una parte de una solicitud ReadProcessMemory o WriteProcessMemory. (0x12B)
[0516/152527.343:ERROR:process_memory_win.cc(73)] ReadMemory at 0x7ffc8303e8a8 of 40 bytes failed: Solo se completó una parte de una solicitud ReadProcessMemory o WriteProcessMemory. (0x12B)
[0516/152527.343:ERROR:process_memory_win.cc(73)] ReadMemory at 0x7ffc8303ebe0 of 48 bytes failed: Solo se completó una parte de una solicitud ReadProcessMemory o WriteProcessMemory. (0x12B)
[0516/152527.343:ERROR:process_memory_win.cc(73)] ReadMemory at 0x7ffc83041320 of 64 bytes failed: Solo se completó una parte de una solicitud ReadProcessMemory o WriteProcessMemory. (0x12B)
[0516/152527.346:ERROR:scoped_process_suspend.cc(40)] NtResumeProcess: Se intentó obtener acceso a un proceso que está cerrándose. (0xc000010a)
